{
  message: '🗃 Database Connected',
  level: 'info',
  service: 'user-service',
  label: 'PH-Success',
  timestamp: '2023-06-14T20:34:03.467Z'
}
{
  message: 'Example app listening on port 5000',
  level: 'info',
  service: 'user-service',
  label: 'PH-Success',
  timestamp: '2023-06-14T20:34:03.541Z'
}
{
  message: '🗃 Database Connected',
  level: 'info',
  service: 'user-service',
  label: 'PH-Success',
  timestamp: '2023-06-14T20:34:14.465Z'
}
{
  message: 'Example app listening on port 5000',
  level: 'info',
  service: 'user-service',
  label: 'PH-Success',
  timestamp: '2023-06-14T20:34:14.518Z'
}
{
  message: '🗃 Database Connected',
  level: 'info',
  service: 'user-service',
  label: 'PH-Success',
  timestamp: '2023-06-14T20:35:35.052Z'
}
{
  message: 'Example app listening on port 5000',
  level: 'info',
  service: 'user-service',
  label: 'PH-Success',
  timestamp: '2023-06-14T20:35:35.085Z'
}
