{
  message: '🗃 Database Connected',
  level: 'info',
  service: 'user-service',
  label: 'PH-Success',
  timestamp: '2023-06-15T21:10:39.680Z'
}
{
  message: 'Example app listening on port 5000',
  level: 'info',
  service: 'user-service',
  label: 'PH-Success',
  timestamp: '2023-06-15T21:10:39.774Z'
}
{
  message: '🗃 Database Connected',
  level: 'info',
  service: 'user-service',
  label: 'PH-Success',
  timestamp: '2023-06-15T21:19:51.763Z'
}
{
  message: 'Example app listening on port 5000',
  level: 'info',
  service: 'user-service',
  label: 'PH-Success',
  timestamp: '2023-06-15T21:19:51.813Z'
}
{
  message: '🗃 Database Connected',
  level: 'info',
  service: 'user-service',
  label: 'PH-Success',
  timestamp: '2023-06-15T21:21:42.714Z'
}
{
  message: 'Example app listening on port 5000',
  level: 'info',
  service: 'user-service',
  label: 'PH-Success',
  timestamp: '2023-06-15T21:21:42.770Z'
}
